[INFO] [2024-11-17 18:21:33] (run.go:19) - Loaded the configuration data from .env
[INFO] [2024-11-17 18:21:33] (routes.go:19) - Started the server
[INFO] [2024-11-18 02:30:30] (run.go:19) - Loaded the configuration data from .env
[INFO] [2024-11-18 02:30:30] (routes.go:19) - Started the server
[INFO] [2024-11-18 03:39:34] (run.go:19) - Loaded the configuration data from .env
[INFO] [2024-11-18 03:39:34] (routes.go:19) - Started the server
[INFO] [2024-11-18 04:16:02] (run.go:19) - Loaded the configuration data from .env
[INFO] [2024-11-18 04:16:02] (routes.go:19) - Started the server
[INFO] [2024-11-18 04:18:08] (run.go:19) - Loaded the configuration data from .env
[INFO] [2024-11-18 04:18:08] (routes.go:19) - Started the server
[INFO] [2024-11-18 04:19:50] (run.go:19) - Loaded the configuration data from .env
[INFO] [2024-11-18 04:19:50] (routes.go:19) - Started the server
[INFO] [2024-11-18 04:23:28] (run.go:19) - Loaded the configuration data from .env
[INFO] [2024-11-18 04:23:28] (routes.go:19) - Started the server
[DEBUG] [POST] [2024-11-18 04:25:21] (getarchiveinfo.go:55) - Successfully retrieved inforamtion | Path: /api/archive/information | Status Code: 200 | IP Address: [ | Content Type: multipart/form-data; boundary=--------------------------095231759786370108319562 | User Agent: PostmanRuntime/7.37.3 
[INFO] [2024-11-18 05:20:59] (run.go:19) - Loaded the configuration data from .env
[INFO] [2024-11-18 05:20:59] (routes.go:19) - Started the server
[ERROR] [POST] [2024-11-18 05:29:12] (createarchive.go:38) - Failed to unmarshal JSON | Path: /api/archive/files | Status Code: 400 | IP Address: [ | Content Type: multipart/form-data; boundary=--------------------------123804449944456734128138 | User Agent: PostmanRuntime/7.37.3 | Error: wrong MIME Type file 
[ERROR] [POST] [2024-11-18 05:29:27] (createarchive.go:38) - Failed to unmarshal JSON | Path: /api/archive/files | Status Code: 400 | IP Address: [ | Content Type: multipart/form-data; boundary=--------------------------192997966329288844733451 | User Agent: PostmanRuntime/7.37.3 | Error: wrong MIME Type file 
[ERROR] [POST] [2024-11-18 05:29:33] (createarchive.go:38) - Failed to unmarshal JSON | Path: /api/archive/files | Status Code: 400 | IP Address: [ | Content Type: multipart/form-data; boundary=--------------------------540611707657931472883388 | User Agent: PostmanRuntime/7.37.3 | Error: wrong MIME Type file 
[INFO] [2024-11-18 05:31:24] (run.go:19) - Loaded the configuration data from .env
[INFO] [2024-11-18 05:31:24] (routes.go:19) - Started the server
[ERROR] [POST] [2024-11-18 05:31:38] (createarchive.go:26) - Failed to unmarshal JSON | Path: /api/archive/files | Status Code: 400 | IP Address: [ | Content Type: multipart/form-data; boundary=--------------------------864271916538528461454470 | User Agent: PostmanRuntime/7.37.3 | Error: No files uploaded 
[ERROR] [POST] [2024-11-18 05:31:45] (createarchive.go:38) - Failed to unmarshal JSON | Path: /api/archive/files | Status Code: 400 | IP Address: [ | Content Type: multipart/form-data; boundary=--------------------------075098628223115506435718 | User Agent: PostmanRuntime/7.37.3 | Error: wrong MIME Type file 
[INFO] [2024-11-18 05:34:25] (run.go:19) - Loaded the configuration data from .env
[INFO] [2024-11-18 05:34:25] (routes.go:19) - Started the server
[DEBUG] [POST] [2024-11-18 05:34:33] (createarchive.go:62) - Successfully created archive file | Path: /api/archive/files | Status Code: 201 | IP Address: [ | Content Type: multipart/form-data; boundary=--------------------------622067682911391075922274 | User Agent: PostmanRuntime/7.37.3 
[DEBUG] [POST] [2024-11-18 05:36:40] (createarchive.go:62) - Successfully created archive file | Path: /api/archive/files | Status Code: 201 | IP Address: [ | Content Type: multipart/form-data; boundary=--------------------------776669297638991000969037 | User Agent: PostmanRuntime/7.37.3 
[DEBUG] [POST] [2024-11-18 05:37:07] (getarchiveinfo.go:55) - Successfully retrieved inforamtion | Path: /api/archive/information | Status Code: 200 | IP Address: [ | Content Type: multipart/form-data; boundary=--------------------------619758326669806044095829 | User Agent: PostmanRuntime/7.37.3 
[ERROR] [POST] [2024-11-18 05:43:10] (createarchive.go:38) - Failed to unmarshal JSON | Path: /api/archive/files | Status Code: 400 | IP Address: [ | Content Type: multipart/form-data; boundary=--------------------------334391418319609894019507 | User Agent: PostmanRuntime/7.37.3 | Error: wrong MIME Type file 
[ERROR] [POST] [2024-11-18 05:43:24] (getarchiveinfo.go:25) - Failed to unmarshal JSON | Path: /api/archive/information | Status Code: 500 | IP Address: [ | Content Type: multipart/form-data; boundary=--------------------------048885124264824452523925 | User Agent: PostmanRuntime/7.37.3 | Error: http: no such file 
[INFO] [2024-11-18 06:30:14] (run.go:19) - Loaded the configuration data from .env
[INFO] [2024-11-18 06:30:14] (routes.go:19) - Started the server
[ERROR] [POST] [2024-11-18 06:30:59] (getarchiveinfo.go:25) - Failed to unmarshal JSON | Path: /api/archive/information | Status Code: 500 | IP Address: [ | Content Type: multipart/form-data; boundary=--------------------------016221970896442841310540 | User Agent: PostmanRuntime/7.37.3 | Error: http: no such file 
[ERROR] [POST] [2024-11-18 06:31:11] (getarchiveinfo.go:25) - Failed to unmarshal JSON | Path: /api/archive/information | Status Code: 500 | IP Address: [ | Content Type: multipart/form-data; boundary=--------------------------160200448863808145900788 | User Agent: PostmanRuntime/7.37.3 | Error: http: no such file 
[DEBUG] [POST] [2024-11-18 06:31:26] (getarchiveinfo.go:55) - Successfully retrieved inforamtion | Path: /api/archive/information | Status Code: 200 | IP Address: [ | Content Type: multipart/form-data; boundary=--------------------------564449055437641189259138 | User Agent: PostmanRuntime/7.37.3 
[DEBUG] [POST] [2024-11-18 06:31:47] (getarchiveinfo.go:55) - Successfully retrieved inforamtion | Path: /api/archive/information | Status Code: 200 | IP Address: [ | Content Type: multipart/form-data; boundary=--------------------------253684465454302862290500 | User Agent: PostmanRuntime/7.37.3 
[DEBUG] [POST] [2024-11-18 06:31:57] (getarchiveinfo.go:55) - Successfully retrieved inforamtion | Path: /api/archive/information | Status Code: 200 | IP Address: [ | Content Type: multipart/form-data; boundary=--------------------------367951636605305180175503 | User Agent: PostmanRuntime/7.37.3 
